2013/05/15 12:20:48 [trace] [system.CModule] Loading "log" application component
in C:\xampp181\htdocs\Vector\index.php (13)
2013/05/15 12:20:48 [trace] [system.CModule] Loading "request" application component
in C:\xampp181\htdocs\Vector\index.php (13)
2013/05/15 12:20:48 [trace] [system.CModule] Loading "urlManager" application component
in C:\xampp181\htdocs\Vector\index.php (13)
2013/05/15 12:20:48 [trace] [system.web.filters.CFilterChain] Running filter StudentController.filteraccessControl()
in C:\xampp181\htdocs\Vector\index.php (13)
2013/05/15 12:20:48 [trace] [system.CModule] Loading "user" application component
in C:\xampp181\htdocs\Vector\index.php (13)
2013/05/15 12:20:48 [trace] [system.CModule] Loading "session" application component
in C:\xampp181\htdocs\Vector\index.php (13)
2013/05/15 12:20:48 [trace] [system.CModule] Loading "db" application component
in C:\xampp181\htdocs\Vector\protected\controllers\StudentController.php (140)
in C:\xampp181\htdocs\Vector\index.php (13)
2013/05/15 12:20:48 [trace] [system.db.CDbConnection] Opening DB connection
in C:\xampp181\htdocs\Vector\protected\controllers\StudentController.php (140)
in C:\xampp181\htdocs\Vector\index.php (13)
2013/05/15 12:20:49 [trace] [system.db.CDbCommand] Querying SQL: SHOW FULL COLUMNS FROM `vt_student`
in C:\xampp181\htdocs\Vector\protected\controllers\StudentController.php (140)
in C:\xampp181\htdocs\Vector\index.php (13)
2013/05/15 12:20:49 [trace] [system.db.CDbCommand] Querying SQL: SHOW CREATE TABLE `vt_student`
in C:\xampp181\htdocs\Vector\protected\controllers\StudentController.php (140)
in C:\xampp181\htdocs\Vector\index.php (13)
2013/05/15 12:20:49 [trace] [system.CModule] Loading "clientScript" application component
in C:\xampp181\htdocs\Vector\protected\views\student\admin.php (14)
in C:\xampp181\htdocs\Vector\protected\controllers\StudentController.php (152)
in C:\xampp181\htdocs\Vector\index.php (13)
2013/05/15 12:20:49 [trace] [system.CModule] Loading "widgetFactory" application component
in C:\xampp181\htdocs\Vector\protected\views\student\_search.php (12)
in C:\xampp181\htdocs\Vector\protected\views\student\admin.php (39)
in C:\xampp181\htdocs\Vector\protected\controllers\StudentController.php (152)
2013/05/15 12:20:49 [trace] [system.db.CDbCommand] Querying SQL: SHOW FULL COLUMNS FROM `vt_term`
in C:\xampp181\htdocs\Vector\protected\models\Term.php (36)
in C:\xampp181\htdocs\Vector\protected\models\Student.php (102)
in C:\xampp181\htdocs\Vector\protected\views\student\admin.php (44)
2013/05/15 12:20:49 [trace] [system.db.CDbCommand] Querying SQL: SHOW CREATE TABLE `vt_term`
in C:\xampp181\htdocs\Vector\protected\models\Term.php (36)
in C:\xampp181\htdocs\Vector\protected\models\Student.php (102)
in C:\xampp181\htdocs\Vector\protected\views\student\admin.php (44)
2013/05/15 12:20:49 [trace] [system.db.ar.CActiveRecord] Term.find()
in C:\xampp181\htdocs\Vector\protected\models\Term.php (27)
in C:\xampp181\htdocs\Vector\protected\models\Student.php (102)
in C:\xampp181\htdocs\Vector\protected\views\student\admin.php (44)
2013/05/15 12:20:49 [trace] [system.db.CDbCommand] Querying SQL: SELECT * FROM `vt_term` `t` ORDER BY id DESC LIMIT 1
in C:\xampp181\htdocs\Vector\protected\models\Term.php (27)
in C:\xampp181\htdocs\Vector\protected\models\Student.php (102)
in C:\xampp181\htdocs\Vector\protected\views\student\admin.php (44)
2013/05/15 12:20:49 [trace] [system.db.ar.CActiveRecord] Student.count()
in C:\xampp181\htdocs\Vector\protected\views\student\admin.php (90)
in C:\xampp181\htdocs\Vector\protected\controllers\StudentController.php (152)
in C:\xampp181\htdocs\Vector\index.php (13)
2013/05/15 12:20:49 [trace] [system.db.CDbCommand] Querying SQL: SELECT COUNT(*) FROM `vt_student` `t` WHERE term_id=:ycp0
in C:\xampp181\htdocs\Vector\protected\views\student\admin.php (90)
in C:\xampp181\htdocs\Vector\protected\controllers\StudentController.php (152)
in C:\xampp181\htdocs\Vector\index.php (13)
2013/05/15 12:20:49 [trace] [system.db.ar.CActiveRecord] Student.findAll()
in C:\xampp181\htdocs\Vector\protected\views\student\admin.php (90)
in C:\xampp181\htdocs\Vector\protected\controllers\StudentController.php (152)
in C:\xampp181\htdocs\Vector\index.php (13)
2013/05/15 12:20:49 [trace] [system.db.CDbCommand] Querying SQL: SELECT * FROM `vt_student` `t` WHERE term_id=:ycp0 LIMIT 10
in C:\xampp181\htdocs\Vector\protected\views\student\admin.php (90)
in C:\xampp181\htdocs\Vector\protected\controllers\StudentController.php (152)
in C:\xampp181\htdocs\Vector\index.php (13)
2013/05/15 12:20:49 [trace] [system.CModule] Loading "assetManager" application component
in C:\xampp181\htdocs\Vector\protected\views\student\admin.php (90)
in C:\xampp181\htdocs\Vector\protected\controllers\StudentController.php (152)
in C:\xampp181\htdocs\Vector\index.php (13)
2013/05/15 12:20:49 [trace] [system.CModule] Loading "coreMessages" application component
in C:\xampp181\htdocs\Vector\protected\views\student\admin.php (90)
in C:\xampp181\htdocs\Vector\protected\controllers\StudentController.php (152)
in C:\xampp181\htdocs\Vector\index.php (13)
2013/05/15 12:20:49 [trace] [system.CModule] Loading "format" application component
in C:\xampp181\htdocs\Vector\protected\views\student\admin.php (90)
in C:\xampp181\htdocs\Vector\protected\controllers\StudentController.php (152)
in C:\xampp181\htdocs\Vector\index.php (13)
2013/05/15 12:20:49 [trace] [system.db.ar.CActiveRecord] lazy loading Student.lessons
in C:\xampp181\htdocs\Vector\protected\views\student\admin.php (90)
in C:\xampp181\htdocs\Vector\protected\controllers\StudentController.php (152)
in C:\xampp181\htdocs\Vector\index.php (13)
2013/05/15 12:20:49 [trace] [system.db.CDbCommand] Querying SQL: SHOW FULL COLUMNS FROM `vt_studentlesson`
in C:\xampp181\htdocs\Vector\protected\views\student\admin.php (90)
in C:\xampp181\htdocs\Vector\protected\controllers\StudentController.php (152)
in C:\xampp181\htdocs\Vector\index.php (13)
2013/05/15 12:20:49 [trace] [system.db.CDbCommand] Querying SQL: SHOW CREATE TABLE `vt_studentlesson`
in C:\xampp181\htdocs\Vector\protected\views\student\admin.php (90)
in C:\xampp181\htdocs\Vector\protected\controllers\StudentController.php (152)
in C:\xampp181\htdocs\Vector\index.php (13)
2013/05/15 12:20:49 [trace] [system.db.CDbCommand] Querying SQL: SELECT `lessons`.`id` AS `t1_c0`, `lessons`.`student_id` AS `t1_c1`, `lessons`.`lesson_id` AS `t1_c2` FROM `vt_studentlesson` `lessons`  WHERE (`lessons`.`student_id`=:ypl0)
in C:\xampp181\htdocs\Vector\protected\views\student\admin.php (90)
in C:\xampp181\htdocs\Vector\protected\controllers\StudentController.php (152)
in C:\xampp181\htdocs\Vector\index.php (13)
2013/05/15 12:20:49 [trace] [system.db.ar.CActiveRecord] lazy loading Student.invoices
in C:\xampp181\htdocs\Vector\protected\views\student\admin.php (90)
in C:\xampp181\htdocs\Vector\protected\controllers\StudentController.php (152)
in C:\xampp181\htdocs\Vector\index.php (13)
2013/05/15 12:20:49 [trace] [system.db.CDbCommand] Querying SQL: SHOW FULL COLUMNS FROM `vt_invoice`
in C:\xampp181\htdocs\Vector\protected\views\student\admin.php (90)
in C:\xampp181\htdocs\Vector\protected\controllers\StudentController.php (152)
in C:\xampp181\htdocs\Vector\index.php (13)
2013/05/15 12:20:49 [trace] [system.db.CDbCommand] Querying SQL: SHOW CREATE TABLE `vt_invoice`
in C:\xampp181\htdocs\Vector\protected\views\student\admin.php (90)
in C:\xampp181\htdocs\Vector\protected\controllers\StudentController.php (152)
in C:\xampp181\htdocs\Vector\index.php (13)
2013/05/15 12:20:49 [trace] [system.db.CDbCommand] Querying SQL: SELECT `invoices`.`id` AS `t1_c0`, `invoices`.`number` AS `t1_c1`, `invoices`.`date_create` AS `t1_c2`, `invoices`.`status` AS `t1_c3`, `invoices`.`total` AS `t1_c4`, `invoices`.`student_id` AS `t1_c5`, `invoices`.`lesson_id` AS `t1_c6`, `invoices`.`common_id` AS `t1_c7`, `invoices`.`notes` AS `t1_c8` FROM `vt_invoice` `invoices`  WHERE (`invoices`.`student_id`=:ypl0)
in C:\xampp181\htdocs\Vector\protected\views\student\admin.php (90)
in C:\xampp181\htdocs\Vector\protected\controllers\StudentController.php (152)
in C:\xampp181\htdocs\Vector\index.php (13)
2013/05/15 12:20:49 [trace] [system.db.ar.CActiveRecord] lazy loading Student.lessons
in C:\xampp181\htdocs\Vector\protected\views\student\admin.php (90)
in C:\xampp181\htdocs\Vector\protected\controllers\StudentController.php (152)
in C:\xampp181\htdocs\Vector\index.php (13)
2013/05/15 12:20:49 [trace] [system.db.CDbCommand] Querying SQL: SELECT `lessons`.`id` AS `t1_c0`, `lessons`.`student_id` AS `t1_c1`, `lessons`.`lesson_id` AS `t1_c2` FROM `vt_studentlesson` `lessons`  WHERE (`lessons`.`student_id`=:ypl0)
in C:\xampp181\htdocs\Vector\protected\views\student\admin.php (90)
in C:\xampp181\htdocs\Vector\protected\controllers\StudentController.php (152)
in C:\xampp181\htdocs\Vector\index.php (13)
2013/05/15 12:20:49 [trace] [system.db.ar.CActiveRecord] lazy loading Student.invoices
in C:\xampp181\htdocs\Vector\protected\views\student\admin.php (90)
in C:\xampp181\htdocs\Vector\protected\controllers\StudentController.php (152)
in C:\xampp181\htdocs\Vector\index.php (13)
2013/05/15 12:20:49 [trace] [system.db.CDbCommand] Querying SQL: SELECT `invoices`.`id` AS `t1_c0`, `invoices`.`number` AS `t1_c1`, `invoices`.`date_create` AS `t1_c2`, `invoices`.`status` AS `t1_c3`, `invoices`.`total` AS `t1_c4`, `invoices`.`student_id` AS `t1_c5`, `invoices`.`lesson_id` AS `t1_c6`, `invoices`.`common_id` AS `t1_c7`, `invoices`.`notes` AS `t1_c8` FROM `vt_invoice` `invoices`  WHERE (`invoices`.`student_id`=:ypl0)
in C:\xampp181\htdocs\Vector\protected\views\student\admin.php (90)
in C:\xampp181\htdocs\Vector\protected\controllers\StudentController.php (152)
in C:\xampp181\htdocs\Vector\index.php (13)
2013/05/15 12:20:49 [trace] [system.db.ar.CActiveRecord] lazy loading Student.lessons
in C:\xampp181\htdocs\Vector\protected\views\student\admin.php (90)
in C:\xampp181\htdocs\Vector\protected\controllers\StudentController.php (152)
in C:\xampp181\htdocs\Vector\index.php (13)
2013/05/15 12:20:49 [trace] [system.db.CDbCommand] Querying SQL: SELECT `lessons`.`id` AS `t1_c0`, `lessons`.`student_id` AS `t1_c1`, `lessons`.`lesson_id` AS `t1_c2` FROM `vt_studentlesson` `lessons`  WHERE (`lessons`.`student_id`=:ypl0)
in C:\xampp181\htdocs\Vector\protected\views\student\admin.php (90)
in C:\xampp181\htdocs\Vector\protected\controllers\StudentController.php (152)
in C:\xampp181\htdocs\Vector\index.php (13)
2013/05/15 12:20:49 [trace] [system.db.ar.CActiveRecord] lazy loading Student.invoices
in C:\xampp181\htdocs\Vector\protected\views\student\admin.php (90)
in C:\xampp181\htdocs\Vector\protected\controllers\StudentController.php (152)
in C:\xampp181\htdocs\Vector\index.php (13)
2013/05/15 12:20:49 [trace] [system.db.CDbCommand] Querying SQL: SELECT `invoices`.`id` AS `t1_c0`, `invoices`.`number` AS `t1_c1`, `invoices`.`date_create` AS `t1_c2`, `invoices`.`status` AS `t1_c3`, `invoices`.`total` AS `t1_c4`, `invoices`.`student_id` AS `t1_c5`, `invoices`.`lesson_id` AS `t1_c6`, `invoices`.`common_id` AS `t1_c7`, `invoices`.`notes` AS `t1_c8` FROM `vt_invoice` `invoices`  WHERE (`invoices`.`student_id`=:ypl0)
in C:\xampp181\htdocs\Vector\protected\views\student\admin.php (90)
in C:\xampp181\htdocs\Vector\protected\controllers\StudentController.php (152)
in C:\xampp181\htdocs\Vector\index.php (13)
2013/05/15 12:20:48 [trace] [system.CModule] Loading "log" application component
in C:\xampp181\htdocs\Vector\index.php (13)
2013/05/15 12:20:48 [trace] [system.CModule] Loading "request" application component
in C:\xampp181\htdocs\Vector\index.php (13)
2013/05/15 12:20:48 [trace] [system.CModule] Loading "urlManager" application component
in C:\xampp181\htdocs\Vector\index.php (13)
2013/05/15 12:20:48 [trace] [system.web.filters.CFilterChain] Running filter ScheduleController.filteraccessControl()
in C:\xampp181\htdocs\Vector\index.php (13)
2013/05/15 12:20:48 [trace] [system.CModule] Loading "user" application component
in C:\xampp181\htdocs\Vector\index.php (13)
2013/05/15 12:20:48 [trace] [system.CModule] Loading "session" application component
in C:\xampp181\htdocs\Vector\index.php (13)
2013/05/15 12:20:49 [trace] [system.CModule] Loading "db" application component
in C:\xampp181\htdocs\Vector\protected\models\Term.php (36)
in C:\xampp181\htdocs\Vector\protected\controllers\ScheduleController.php (48)
in C:\xampp181\htdocs\Vector\index.php (13)
2013/05/15 12:20:49 [trace] [system.db.CDbConnection] Opening DB connection
in C:\xampp181\htdocs\Vector\protected\models\Term.php (36)
in C:\xampp181\htdocs\Vector\protected\controllers\ScheduleController.php (48)
in C:\xampp181\htdocs\Vector\index.php (13)
2013/05/15 12:20:50 [trace] [system.db.CDbCommand] Querying SQL: SHOW FULL COLUMNS FROM `vt_term`
in C:\xampp181\htdocs\Vector\protected\models\Term.php (36)
in C:\xampp181\htdocs\Vector\protected\controllers\ScheduleController.php (48)
in C:\xampp181\htdocs\Vector\index.php (13)
2013/05/15 12:20:50 [trace] [system.db.CDbCommand] Querying SQL: SHOW CREATE TABLE `vt_term`
in C:\xampp181\htdocs\Vector\protected\models\Term.php (36)
in C:\xampp181\htdocs\Vector\protected\controllers\ScheduleController.php (48)
in C:\xampp181\htdocs\Vector\index.php (13)
2013/05/15 12:20:50 [trace] [system.db.ar.CActiveRecord] Term.find()
in C:\xampp181\htdocs\Vector\protected\models\Term.php (27)
in C:\xampp181\htdocs\Vector\protected\controllers\ScheduleController.php (48)
in C:\xampp181\htdocs\Vector\index.php (13)
2013/05/15 12:20:50 [trace] [system.db.CDbCommand] Querying SQL: SELECT * FROM `vt_term` `t` ORDER BY id DESC LIMIT 1
in C:\xampp181\htdocs\Vector\protected\models\Term.php (27)
in C:\xampp181\htdocs\Vector\protected\controllers\ScheduleController.php (48)
in C:\xampp181\htdocs\Vector\index.php (13)
2013/05/15 12:20:50 [trace] [system.db.ar.CActiveRecord] lazy loading Term.weeks
in C:\xampp181\htdocs\Vector\protected\controllers\ScheduleController.php (50)
in C:\xampp181\htdocs\Vector\index.php (13)
2013/05/15 12:20:50 [trace] [system.db.CDbCommand] Querying SQL: SHOW FULL COLUMNS FROM `vt_week`
in C:\xampp181\htdocs\Vector\protected\controllers\ScheduleController.php (50)
in C:\xampp181\htdocs\Vector\index.php (13)
2013/05/15 12:20:50 [trace] [system.db.CDbCommand] Querying SQL: SHOW CREATE TABLE `vt_week`
in C:\xampp181\htdocs\Vector\protected\controllers\ScheduleController.php (50)
in C:\xampp181\htdocs\Vector\index.php (13)
2013/05/15 12:20:50 [trace] [system.db.CDbCommand] Querying SQL: SELECT `weeks`.`id` AS `t1_c0`, `weeks`.`week_no` AS `t1_c1`, `weeks`.`term_id` AS `t1_c2` FROM `vt_week` `weeks`  WHERE (`weeks`.`term_id`=:ypl0)
in C:\xampp181\htdocs\Vector\protected\controllers\ScheduleController.php (50)
in C:\xampp181\htdocs\Vector\index.php (13)
2013/05/15 12:20:50 [trace] [system.CModule] Loading "clientScript" application component
in C:\xampp181\htdocs\Vector\protected\views\schedule\display.php (4)
in C:\xampp181\htdocs\Vector\protected\controllers\ScheduleController.php (54)
in C:\xampp181\htdocs\Vector\index.php (13)
2013/05/15 12:20:50 [trace] [system.db.ar.CActiveRecord] lazy loading Week.days
in C:\xampp181\htdocs\Vector\protected\views\schedule\display.php (56)
in C:\xampp181\htdocs\Vector\protected\controllers\ScheduleController.php (54)
in C:\xampp181\htdocs\Vector\index.php (13)
2013/05/15 12:20:50 [trace] [system.db.CDbCommand] Querying SQL: SHOW FULL COLUMNS FROM `vt_day`
in C:\xampp181\htdocs\Vector\protected\views\schedule\display.php (56)
in C:\xampp181\htdocs\Vector\protected\controllers\ScheduleController.php (54)
in C:\xampp181\htdocs\Vector\index.php (13)
2013/05/15 12:20:50 [trace] [system.db.CDbCommand] Querying SQL: SHOW CREATE TABLE `vt_day`
in C:\xampp181\htdocs\Vector\protected\views\schedule\display.php (56)
in C:\xampp181\htdocs\Vector\protected\controllers\ScheduleController.php (54)
in C:\xampp181\htdocs\Vector\index.php (13)
2013/05/15 12:20:50 [trace] [system.db.CDbCommand] Querying SQL: SELECT `days`.`id` AS `t1_c0`, `days`.`day_no` AS `t1_c1`, `days`.`date` AS `t1_c2`, `days`.`week_id` AS `t1_c3` FROM `vt_day` `days`  WHERE (`days`.`week_id`=:ypl0)
in C:\xampp181\htdocs\Vector\protected\views\schedule\display.php (56)
in C:\xampp181\htdocs\Vector\protected\controllers\ScheduleController.php (54)
in C:\xampp181\htdocs\Vector\index.php (13)
2013/05/15 12:20:50 [trace] [system.db.ar.CActiveRecord] lazy loading Day.sessions
in C:\xampp181\htdocs\Vector\protected\views\schedule\display.php (140)
in C:\xampp181\htdocs\Vector\protected\controllers\ScheduleController.php (54)
in C:\xampp181\htdocs\Vector\index.php (13)
2013/05/15 12:20:50 [trace] [system.db.CDbCommand] Querying SQL: SHOW FULL COLUMNS FROM `vt_session`
in C:\xampp181\htdocs\Vector\protected\views\schedule\display.php (140)
in C:\xampp181\htdocs\Vector\protected\controllers\ScheduleController.php (54)
in C:\xampp181\htdocs\Vector\index.php (13)
2013/05/15 12:20:50 [trace] [system.db.CDbCommand] Querying SQL: SHOW CREATE TABLE `vt_session`
in C:\xampp181\htdocs\Vector\protected\views\schedule\display.php (140)
in C:\xampp181\htdocs\Vector\protected\controllers\ScheduleController.php (54)
in C:\xampp181\htdocs\Vector\index.php (13)
2013/05/15 12:20:50 [trace] [system.db.CDbCommand] Querying SQL: SELECT `sessions`.`id` AS `t1_c0`, `sessions`.`attendance` AS `t1_c1`, `sessions`.`staff_id` AS `t1_c2`, `sessions`.`students_id` AS `t1_c3`, `sessions`.`lesson_id` AS `t1_c4`, `sessions`.`status` AS `t1_c5`, `sessions`.`classroom_id` AS `t1_c6`, `sessions`.`day_id` AS `t1_c7`, `sessions`.`slot` AS `t1_c8`, `sessions`.`session_notes` AS `t1_c9` FROM `vt_session` `sessions`  WHERE (`sessions`.`day_id`=:ypl0)
in C:\xampp181\htdocs\Vector\protected\views\schedule\display.php (140)
in C:\xampp181\htdocs\Vector\protected\controllers\ScheduleController.php (54)
in C:\xampp181\htdocs\Vector\index.php (13)
2013/05/15 12:20:50 [trace] [system.db.ar.CActiveRecord] lazy loading Day.sessions
in C:\xampp181\htdocs\Vector\protected\views\schedule\display.php (232)
in C:\xampp181\htdocs\Vector\protected\controllers\ScheduleController.php (54)
in C:\xampp181\htdocs\Vector\index.php (13)
2013/05/15 12:20:50 [trace] [system.db.CDbCommand] Querying SQL: SELECT `sessions`.`id` AS `t1_c0`, `sessions`.`attendance` AS `t1_c1`, `sessions`.`staff_id` AS `t1_c2`, `sessions`.`students_id` AS `t1_c3`, `sessions`.`lesson_id` AS `t1_c4`, `sessions`.`status` AS `t1_c5`, `sessions`.`classroom_id` AS `t1_c6`, `sessions`.`day_id` AS `t1_c7`, `sessions`.`slot` AS `t1_c8`, `sessions`.`session_notes` AS `t1_c9` FROM `vt_session` `sessions`  WHERE (`sessions`.`day_id`=:ypl0)
in C:\xampp181\htdocs\Vector\protected\views\schedule\display.php (232)
in C:\xampp181\htdocs\Vector\protected\controllers\ScheduleController.php (54)
in C:\xampp181\htdocs\Vector\index.php (13)
2013/05/15 12:20:50 [trace] [system.db.ar.CActiveRecord] lazy loading Day.sessions
in C:\xampp181\htdocs\Vector\protected\views\schedule\display.php (324)
in C:\xampp181\htdocs\Vector\protected\controllers\ScheduleController.php (54)
in C:\xampp181\htdocs\Vector\index.php (13)
2013/05/15 12:20:50 [trace] [system.db.CDbCommand] Querying SQL: SELECT `sessions`.`id` AS `t1_c0`, `sessions`.`attendance` AS `t1_c1`, `sessions`.`staff_id` AS `t1_c2`, `sessions`.`students_id` AS `t1_c3`, `sessions`.`lesson_id` AS `t1_c4`, `sessions`.`status` AS `t1_c5`, `sessions`.`classroom_id` AS `t1_c6`, `sessions`.`day_id` AS `t1_c7`, `sessions`.`slot` AS `t1_c8`, `sessions`.`session_notes` AS `t1_c9` FROM `vt_session` `sessions`  WHERE (`sessions`.`day_id`=:ypl0)
in C:\xampp181\htdocs\Vector\protected\views\schedule\display.php (324)
in C:\xampp181\htdocs\Vector\protected\controllers\ScheduleController.php (54)
in C:\xampp181\htdocs\Vector\index.php (13)
2013/05/15 12:20:50 [trace] [system.db.ar.CActiveRecord] lazy loading Day.sessions
in C:\xampp181\htdocs\Vector\protected\views\schedule\display.php (416)
in C:\xampp181\htdocs\Vector\protected\controllers\ScheduleController.php (54)
in C:\xampp181\htdocs\Vector\index.php (13)
2013/05/15 12:20:50 [trace] [system.db.CDbCommand] Querying SQL: SELECT `sessions`.`id` AS `t1_c0`, `sessions`.`attendance` AS `t1_c1`, `sessions`.`staff_id` AS `t1_c2`, `sessions`.`students_id` AS `t1_c3`, `sessions`.`lesson_id` AS `t1_c4`, `sessions`.`status` AS `t1_c5`, `sessions`.`classroom_id` AS `t1_c6`, `sessions`.`day_id` AS `t1_c7`, `sessions`.`slot` AS `t1_c8`, `sessions`.`session_notes` AS `t1_c9` FROM `vt_session` `sessions`  WHERE (`sessions`.`day_id`=:ypl0)
in C:\xampp181\htdocs\Vector\protected\views\schedule\display.php (416)
in C:\xampp181\htdocs\Vector\protected\controllers\ScheduleController.php (54)
in C:\xampp181\htdocs\Vector\index.php (13)
2013/05/15 12:20:50 [trace] [system.db.CDbCommand] Querying SQL: SHOW FULL COLUMNS FROM `vt_staff`
in C:\xampp181\htdocs\Vector\protected\models\Staff.php (29)
in C:\xampp181\htdocs\Vector\protected\components\ScheduleHelper.php (81)
in C:\xampp181\htdocs\Vector\protected\components\ScheduleHelper.php (170)
2013/05/15 12:20:50 [trace] [system.db.CDbCommand] Querying SQL: SHOW CREATE TABLE `vt_staff`
in C:\xampp181\htdocs\Vector\protected\models\Staff.php (29)
in C:\xampp181\htdocs\Vector\protected\components\ScheduleHelper.php (81)
in C:\xampp181\htdocs\Vector\protected\components\ScheduleHelper.php (170)
2013/05/15 12:20:50 [trace] [system.db.ar.CActiveRecord] Term.find()
in C:\xampp181\htdocs\Vector\protected\models\Term.php (27)
in C:\xampp181\htdocs\Vector\protected\models\Staff.php (65)
in C:\xampp181\htdocs\Vector\protected\models\Staff.php (29)
2013/05/15 12:20:50 [trace] [system.db.CDbCommand] Querying SQL: SELECT * FROM `vt_term` `t` ORDER BY id DESC LIMIT 1
in C:\xampp181\htdocs\Vector\protected\models\Term.php (27)
in C:\xampp181\htdocs\Vector\protected\models\Staff.php (65)
in C:\xampp181\htdocs\Vector\protected\models\Staff.php (29)
2013/05/15 12:20:50 [trace] [system.db.ar.CActiveRecord] Staff.findByPk()
in C:\xampp181\htdocs\Vector\protected\components\ScheduleHelper.php (81)
in C:\xampp181\htdocs\Vector\protected\components\ScheduleHelper.php (170)
in C:\xampp181\htdocs\Vector\protected\views\schedule\display.php (416)
2013/05/15 12:20:50 [trace] [system.db.CDbCommand] Querying SQL: SELECT * FROM `vt_staff` `t` WHERE `t`.`id`=13 LIMIT 1
in C:\xampp181\htdocs\Vector\protected\components\ScheduleHelper.php (81)
in C:\xampp181\htdocs\Vector\protected\components\ScheduleHelper.php (170)
in C:\xampp181\htdocs\Vector\protected\views\schedule\display.php (416)
2013/05/15 12:20:50 [trace] [system.db.CDbCommand] Querying SQL: SHOW FULL COLUMNS FROM `vt_student`
in C:\xampp181\htdocs\Vector\protected\models\Student.php (28)
in C:\xampp181\htdocs\Vector\protected\components\ScheduleHelper.php (89)
in C:\xampp181\htdocs\Vector\protected\components\ScheduleHelper.php (171)
2013/05/15 12:20:50 [trace] [system.db.CDbCommand] Querying SQL: SHOW CREATE TABLE `vt_student`
in C:\xampp181\htdocs\Vector\protected\models\Student.php (28)
in C:\xampp181\htdocs\Vector\protected\components\ScheduleHelper.php (89)
in C:\xampp181\htdocs\Vector\protected\components\ScheduleHelper.php (171)
2013/05/15 12:20:50 [trace] [system.db.ar.CActiveRecord] Student.findByPk()
in C:\xampp181\htdocs\Vector\protected\components\ScheduleHelper.php (89)
in C:\xampp181\htdocs\Vector\protected\components\ScheduleHelper.php (171)
in C:\xampp181\htdocs\Vector\protected\views\schedule\display.php (416)
2013/05/15 12:20:50 [trace] [system.db.CDbCommand] Querying SQL: SELECT * FROM `vt_student` `t` WHERE `t`.`id`=17 LIMIT 1
in C:\xampp181\htdocs\Vector\protected\components\ScheduleHelper.php (89)
in C:\xampp181\htdocs\Vector\protected\components\ScheduleHelper.php (171)
in C:\xampp181\htdocs\Vector\protected\views\schedule\display.php (416)
2013/05/15 12:20:50 [trace] [system.db.ar.CActiveRecord] lazy loading Day.sessions
in C:\xampp181\htdocs\Vector\protected\views\schedule\display.php (508)
in C:\xampp181\htdocs\Vector\protected\controllers\ScheduleController.php (54)
in C:\xampp181\htdocs\Vector\index.php (13)
2013/05/15 12:20:50 [trace] [system.db.CDbCommand] Querying SQL: SELECT `sessions`.`id` AS `t1_c0`, `sessions`.`attendance` AS `t1_c1`, `sessions`.`staff_id` AS `t1_c2`, `sessions`.`students_id` AS `t1_c3`, `sessions`.`lesson_id` AS `t1_c4`, `sessions`.`status` AS `t1_c5`, `sessions`.`classroom_id` AS `t1_c6`, `sessions`.`day_id` AS `t1_c7`, `sessions`.`slot` AS `t1_c8`, `sessions`.`session_notes` AS `t1_c9` FROM `vt_session` `sessions`  WHERE (`sessions`.`day_id`=:ypl0)
in C:\xampp181\htdocs\Vector\protected\views\schedule\display.php (508)
in C:\xampp181\htdocs\Vector\protected\controllers\ScheduleController.php (54)
in C:\xampp181\htdocs\Vector\index.php (13)
2013/05/15 12:20:50 [trace] [system.db.ar.CActiveRecord] Staff.findByPk()
in C:\xampp181\htdocs\Vector\protected\components\ScheduleHelper.php (81)
in C:\xampp181\htdocs\Vector\protected\components\ScheduleHelper.php (170)
in C:\xampp181\htdocs\Vector\protected\views\schedule\display.php (508)
2013/05/15 12:20:50 [trace] [system.db.CDbCommand] Querying SQL: SELECT * FROM `vt_staff` `t` WHERE `t`.`id`=13 LIMIT 1
in C:\xampp181\htdocs\Vector\protected\components\ScheduleHelper.php (81)
in C:\xampp181\htdocs\Vector\protected\components\ScheduleHelper.php (170)
in C:\xampp181\htdocs\Vector\protected\views\schedule\display.php (508)
2013/05/15 12:20:50 [trace] [system.db.ar.CActiveRecord] Student.findByPk()
in C:\xampp181\htdocs\Vector\protected\components\ScheduleHelper.php (89)
in C:\xampp181\htdocs\Vector\protected\components\ScheduleHelper.php (171)
in C:\xampp181\htdocs\Vector\protected\views\schedule\display.php (508)
2013/05/15 12:20:50 [trace] [system.db.CDbCommand] Querying SQL: SELECT * FROM `vt_student` `t` WHERE `t`.`id`=16 LIMIT 1
in C:\xampp181\htdocs\Vector\protected\components\ScheduleHelper.php (89)
in C:\xampp181\htdocs\Vector\protected\components\ScheduleHelper.php (171)
in C:\xampp181\htdocs\Vector\protected\views\schedule\display.php (508)
2013/05/15 12:20:50 [trace] [system.db.ar.CActiveRecord] lazy loading Day.sessions
in C:\xampp181\htdocs\Vector\protected\views\schedule\display.php (589)
in C:\xampp181\htdocs\Vector\protected\controllers\ScheduleController.php (54)
in C:\xampp181\htdocs\Vector\index.php (13)
2013/05/15 12:20:50 [trace] [system.db.CDbCommand] Querying SQL: SELECT `sessions`.`id` AS `t1_c0`, `sessions`.`attendance` AS `t1_c1`, `sessions`.`staff_id` AS `t1_c2`, `sessions`.`students_id` AS `t1_c3`, `sessions`.`lesson_id` AS `t1_c4`, `sessions`.`status` AS `t1_c5`, `sessions`.`classroom_id` AS `t1_c6`, `sessions`.`day_id` AS `t1_c7`, `sessions`.`slot` AS `t1_c8`, `sessions`.`session_notes` AS `t1_c9` FROM `vt_session` `sessions`  WHERE (`sessions`.`day_id`=:ypl0)
in C:\xampp181\htdocs\Vector\protected\views\schedule\display.php (589)
in C:\xampp181\htdocs\Vector\protected\controllers\ScheduleController.php (54)
in C:\xampp181\htdocs\Vector\index.php (13)
2013/05/15 12:20:50 [trace] [system.db.ar.CActiveRecord] lazy loading Day.sessions
in C:\xampp181\htdocs\Vector\protected\views\schedule\display.php (670)
in C:\xampp181\htdocs\Vector\protected\controllers\ScheduleController.php (54)
in C:\xampp181\htdocs\Vector\index.php (13)
2013/05/15 12:20:50 [trace] [system.db.CDbCommand] Querying SQL: SELECT `sessions`.`id` AS `t1_c0`, `sessions`.`attendance` AS `t1_c1`, `sessions`.`staff_id` AS `t1_c2`, `sessions`.`students_id` AS `t1_c3`, `sessions`.`lesson_id` AS `t1_c4`, `sessions`.`status` AS `t1_c5`, `sessions`.`classroom_id` AS `t1_c6`, `sessions`.`day_id` AS `t1_c7`, `sessions`.`slot` AS `t1_c8`, `sessions`.`session_notes` AS `t1_c9` FROM `vt_session` `sessions`  WHERE (`sessions`.`day_id`=:ypl0)
in C:\xampp181\htdocs\Vector\protected\views\schedule\display.php (670)
in C:\xampp181\htdocs\Vector\protected\controllers\ScheduleController.php (54)
in C:\xampp181\htdocs\Vector\index.php (13)
2013/05/15 12:20:50 [trace] [system.CModule] Loading "widgetFactory" application component
in C:\xampp181\htdocs\Vector\protected\views\layouts\column1.php (2)
in C:\xampp181\htdocs\Vector\protected\controllers\ScheduleController.php (54)
in C:\xampp181\htdocs\Vector\index.php (13)
2013/05/15 12:20:50 [trace] [system.CModule] Loading "coreMessages" application component
in C:\xampp181\htdocs\Vector\protected\views\layouts\main.php (44)
in C:\xampp181\htdocs\Vector\protected\views\layouts\column1.php (6)
in C:\xampp181\htdocs\Vector\protected\controllers\ScheduleController.php (54)
